Analysis & Synthesis report for EX9_top
Fri Dec 09 12:39:48 2016
Quartus Prime Version 16.0.0 Build 211 04/27/2016 SJ Standard Edition


---------------------
; Table of Contents ;
---------------------
  1. Legal Notice
  2. Analysis & Synthesis Summary
  3. Analysis & Synthesis Settings
  4. Parallel Compilation
  5. Analysis & Synthesis Source Files Read
  6. Analysis & Synthesis Resource Usage Summary
  7. Analysis & Synthesis Resource Utilization by Entity
  8. State Machine - |EX9_top|FSM:comb_5|state
  9. User-Specified and Inferred Latches
 10. Registers Removed During Synthesis
 11. General Register Statistics
 12. Multiplexer Restructuring Statistics (Restructuring Performed)
 13. Parameter Settings for User Entity Instance: divider_50000:comb_3
 14. Parameter Settings for User Entity Instance: divider_2500:comb_4
 15. Parameter Settings for User Entity Instance: FSM:comb_5
 16. Port Connectivity Checks: "bin2bcd_16:comb_9|add3_ge5:A18"
 17. Port Connectivity Checks: "bin2bcd_16:comb_9|add3_ge5:A9"
 18. Port Connectivity Checks: "bin2bcd_16:comb_9|add3_ge5:A3"
 19. Post-Synthesis Netlist Statistics for Top Partition
 20. Elapsed Time Per Partition
 21. Analysis & Synthesis Messages
 22. Analysis & Synthesis Suppressed Messages



----------------
; Legal Notice ;
----------------
Copyright (C) 1991-2016 Altera Corporation. All rights reserved.
Your use of Altera Corporation's design tools, logic functions 
and other software and tools, and its AMPP partner logic 
functions, and any output files from any of the foregoing 
(including device programming or simulation files), and any 
associated documentation or information are expressly subject 
to the terms and conditions of the Altera Program License 
Subscription Agreement, the Altera Quartus Prime License Agreement,
the Altera MegaCore Function License Agreement, or other 
applicable license agreement, including, without limitation, 
that your use is for the sole purpose of programming logic 
devices manufactured by Altera and sold by Altera or its 
authorized distributors.  Please refer to the applicable 
agreement for further details.



+-----------------------------------------------------------------------------------+
; Analysis & Synthesis Summary                                                      ;
+---------------------------------+-------------------------------------------------+
; Analysis & Synthesis Status     ; Successful - Fri Dec 09 12:39:47 2016           ;
; Quartus Prime Version           ; 16.0.0 Build 211 04/27/2016 SJ Standard Edition ;
; Revision Name                   ; EX9_top                                         ;
; Top-level Entity Name           ; EX9_top                                         ;
; Family                          ; Cyclone V                                       ;
; Logic utilization (in ALMs)     ; N/A                                             ;
; Total registers                 ; 62                                              ;
; Total pins                      ; 50                                              ;
; Total virtual pins              ; 0                                               ;
; Total block memory bits         ; 0                                               ;
; Total DSP Blocks                ; 0                                               ;
; Total HSSI RX PCSs              ; 0                                               ;
; Total HSSI PMA RX Deserializers ; 0                                               ;
; Total HSSI TX PCSs              ; 0                                               ;
; Total HSSI PMA TX Serializers   ; 0                                               ;
; Total PLLs                      ; 0                                               ;
; Total DLLs                      ; 0                                               ;
+---------------------------------+-------------------------------------------------+


+---------------------------------------------------------------------------------------------------------------------------+
; Analysis & Synthesis Settings                                                                                             ;
+---------------------------------------------------------------------------------+--------------------+--------------------+
; Option                                                                          ; Setting            ; Default Value      ;
+---------------------------------------------------------------------------------+--------------------+--------------------+
; Device                                                                          ; 5CSEMA5F31C6       ;                    ;
; Top-level entity name                                                           ; EX9_top            ; EX9_top            ;
; Family name                                                                     ; Cyclone V          ; Cyclone V          ;
; Use smart compilation                                                           ; Off                ; Off                ;
; Enable parallel Assembler and TimeQuest Timing Analyzer during compilation      ; On                 ; On                 ;
; Enable compact report table                                                     ; Off                ; Off                ;
; Restructure Multiplexers                                                        ; Auto               ; Auto               ;
; MLAB Add Timing Constraints For Mixed-Port Feed-Through Mode Setting Don't Care ; Off                ; Off                ;
; Create Debugging Nodes for IP Cores                                             ; Off                ; Off                ;
; Preserve fewer node names                                                       ; On                 ; On                 ;
; Disable OpenCore Plus hardware evaluation                                       ; Off                ; Off                ;
; Verilog Version                                                                 ; Verilog_2001       ; Verilog_2001       ;
; VHDL Version                                                                    ; VHDL_1993          ; VHDL_1993          ;
; State Machine Processing                                                        ; Auto               ; Auto               ;
; Safe State Machine                                                              ; Off                ; Off                ;
; Extract Verilog State Machines                                                  ; On                 ; On                 ;
; Extract VHDL State Machines                                                     ; On                 ; On                 ;
; Ignore Verilog initial constructs                                               ; Off                ; Off                ;
; Iteration limit for constant Verilog loops                                      ; 5000               ; 5000               ;
; Iteration limit for non-constant Verilog loops                                  ; 250                ; 250                ;
; Add Pass-Through Logic to Inferred RAMs                                         ; On                 ; On                 ;
; Infer RAMs from Raw Logic                                                       ; On                 ; On                 ;
; Parallel Synthesis                                                              ; On                 ; On                 ;
; DSP Block Balancing                                                             ; Auto               ; Auto               ;
; NOT Gate Push-Back                                                              ; On                 ; On                 ;
; Power-Up Don't Care                                                             ; On                 ; On                 ;
; Remove Redundant Logic Cells                                                    ; Off                ; Off                ;
; Remove Duplicate Registers                                                      ; On                 ; On                 ;
; Ignore CARRY Buffers                                                            ; Off                ; Off                ;
; Ignore CASCADE Buffers                                                          ; Off                ; Off                ;
; Ignore GLOBAL Buffers                                                           ; Off                ; Off                ;
; Ignore ROW GLOBAL Buffers                                                       ; Off                ; Off                ;
; Ignore LCELL Buffers                                                            ; Off                ; Off                ;
; Ignore SOFT Buffers                                                             ; On                 ; On                 ;
; Limit AHDL Integers to 32 Bits                                                  ; Off                ; Off                ;
; Optimization Technique                                                          ; Balanced           ; Balanced           ;
; Carry Chain Length                                                              ; 70                 ; 70                 ;
; Auto Carry Chains                                                               ; On                 ; On                 ;
; Auto Open-Drain Pins                                                            ; On                 ; On                 ;
; Perform WYSIWYG Primitive Resynthesis                                           ; Off                ; Off                ;
; Auto ROM Replacement                                                            ; On                 ; On                 ;
; Auto RAM Replacement                                                            ; On                 ; On                 ;
; Auto DSP Block Replacement                                                      ; On                 ; On                 ;
; Auto Shift Register Replacement                                                 ; Auto               ; Auto               ;
; Allow Shift Register Merging across Hierarchies                                 ; Auto               ; Auto               ;
; Auto Clock Enable Replacement                                                   ; On                 ; On                 ;
; Strict RAM Replacement                                                          ; Off                ; Off                ;
; Allow Synchronous Control Signals                                               ; On                 ; On                 ;
; Force Use of Synchronous Clear Signals                                          ; Off                ; Off                ;
; Auto Resource Sharing                                                           ; Off                ; Off                ;
; Allow Any RAM Size For Recognition                                              ; Off                ; Off                ;
; Allow Any ROM Size For Recognition                                              ; Off                ; Off                ;
; Allow Any Shift Register Size For Recognition                                   ; Off                ; Off                ;
; Use LogicLock Constraints during Resource Balancing                             ; On                 ; On                 ;
; Ignore translate_off and synthesis_off directives                               ; Off                ; Off                ;
; Timing-Driven Synthesis                                                         ; On                 ; On                 ;
; Report Parameter Settings                                                       ; On                 ; On                 ;
; Report Source Assignments                                                       ; On                 ; On                 ;
; Report Connectivity Checks                                                      ; On                 ; On                 ;
; Ignore Maximum Fan-Out Assignments                                              ; Off                ; Off                ;
; Synchronization Register Chain Length                                           ; 3                  ; 3                  ;
; PowerPlay Power Optimization During Synthesis                                   ; Normal compilation ; Normal compilation ;
; HDL message level                                                               ; Level2             ; Level2             ;
; Suppress Register Optimization Related Messages                                 ; Off                ; Off                ;
; Number of Removed Registers Reported in Synthesis Report                        ; 5000               ; 5000               ;
; Number of Swept Nodes Reported in Synthesis Report                              ; 5000               ; 5000               ;
; Number of Inverted Registers Reported in Synthesis Report                       ; 100                ; 100                ;
; Clock MUX Protection                                                            ; On                 ; On                 ;
; Auto Gated Clock Conversion                                                     ; Off                ; Off                ;
; Block Design Naming                                                             ; Auto               ; Auto               ;
; SDC constraint protection                                                       ; Off                ; Off                ;
; Synthesis Effort                                                                ; Auto               ; Auto               ;
; Shift Register Replacement - Allow Asynchronous Clear Signal                    ; On                 ; On                 ;
; Pre-Mapping Resynthesis Optimization                                            ; Off                ; Off                ;
; Analysis & Synthesis Message Level                                              ; Medium             ; Medium             ;
; Disable Register Merging Across Hierarchies                                     ; Auto               ; Auto               ;
; Resource Aware Inference For Block RAM                                          ; On                 ; On                 ;
; Synthesis Seed                                                                  ; 1                  ; 1                  ;
; Automatic Parallel Synthesis                                                    ; On                 ; On                 ;
; Partial Reconfiguration Bitstream ID                                            ; Off                ; Off                ;
+---------------------------------------------------------------------------------+--------------------+--------------------+


+------------------------------------------+
; Parallel Compilation                     ;
+----------------------------+-------------+
; Processors                 ; Number      ;
+----------------------------+-------------+
; Number detected on machine ; 8           ;
; Maximum allowed            ; 4           ;
;                            ;             ;
; Average used               ; 1.00        ;
; Maximum used               ; 4           ;
;                            ;             ;
; Usage by Processor         ; % Time Used ;
;     Processor 1            ; 100.0%      ;
;     Processors 2-4         ;   0.0%      ;
+----------------------------+-------------+


+----------------------------------------------------------------------------------------------------------------------+
; Analysis & Synthesis Source Files Read                                                                               ;
+----------------------------------+-----------------+------------------------+------------------------------+---------+
; File Name with User-Entered Path ; Used in Netlist ; File Type              ; File Name with Absolute Path ; Library ;
+----------------------------------+-----------------+------------------------+------------------------------+---------+
; reaction_counter.v               ; yes             ; User Verilog HDL File  ; H:/ex9/reaction_counter.v    ;         ;
; hex_to_7seg.v                    ; yes             ; User Verilog HDL File  ; H:/ex9/hex_to_7seg.v         ;         ;
; FSM.v                            ; yes             ; User Verilog HDL File  ; H:/ex9/FSM.v                 ;         ;
; EX9_top.v                        ; yes             ; User Verilog HDL File  ; H:/ex9/EX9_top.v             ;         ;
; divider_50000.v                  ; yes             ; User Verilog HDL File  ; H:/ex9/divider_50000.v       ;         ;
; divider_2500.v                   ; yes             ; User Verilog HDL File  ; H:/ex9/divider_2500.v        ;         ;
; b_to_bcd.v                       ; yes             ; User Verilog HDL File  ; H:/ex9/b_to_bcd.v            ;         ;
; add3_ge5.v                       ; yes             ; User Verilog HDL File  ; H:/ex9/add3_ge5.v            ;         ;
+----------------------------------+-----------------+------------------------+------------------------------+---------+


+--------------------------------------------------------------+
; Analysis & Synthesis Resource Usage Summary                  ;
+---------------------------------------------+----------------+
; Resource                                    ; Usage          ;
+---------------------------------------------+----------------+
; Estimate of Logic utilization (ALMs needed) ; 119            ;
;                                             ;                ;
; Combinational ALUT usage for logic          ; 228            ;
;     -- 7 input functions                    ; 0              ;
;     -- 6 input functions                    ; 9              ;
;     -- 5 input functions                    ; 8              ;
;     -- 4 input functions                    ; 128            ;
;     -- <=3 input functions                  ; 83             ;
;                                             ;                ;
; Dedicated logic registers                   ; 62             ;
;                                             ;                ;
; I/O pins                                    ; 50             ;
;                                             ;                ;
; Total DSP Blocks                            ; 0              ;
;                                             ;                ;
; Maximum fan-out node                        ; CLOCK_50~input ;
; Maximum fan-out                             ; 34             ;
; Total fan-out                               ; 1096           ;
; Average fan-out                             ; 2.81           ;
+---------------------------------------------+----------------+


+----------------------------------------------------------------------------------------------------------------------------------------------------------------------------------------------------+
; Analysis & Synthesis Resource Utilization by Entity                                                                                                                                                ;
+------------------------------+-------------------+--------------+-------------------+------------+------+--------------+-----------------------------------------+------------------+--------------+
; Compilation Hierarchy Node   ; LC Combinationals ; LC Registers ; Block Memory Bits ; DSP Blocks ; Pins ; Virtual Pins ; Full Hierarchy Name                     ; Entity Name      ; Library Name ;
+------------------------------+-------------------+--------------+-------------------+------------+------+--------------+-----------------------------------------+------------------+--------------+
; |EX9_top                     ; 228 (0)           ; 62 (0)       ; 0                 ; 0          ; 50   ; 0            ; |EX9_top                                ; EX9_top          ; work         ;
;    |FSM:comb_5|              ; 14 (14)           ; 12 (12)      ; 0                 ; 0          ; 0    ; 0            ; |EX9_top|FSM:comb_5                     ; FSM              ; work         ;
;    |bin2bcd_16:comb_9|       ; 106 (0)           ; 0 (0)        ; 0                 ; 0          ; 0    ; 0            ; |EX9_top|bin2bcd_16:comb_9              ; bin2bcd_16       ; work         ;
;       |add3_ge5:A10|         ; 4 (4)             ; 0 (0)        ; 0                 ; 0          ; 0    ; 0            ; |EX9_top|bin2bcd_16:comb_9|add3_ge5:A10 ; add3_ge5         ; work         ;
;       |add3_ge5:A11|         ; 4 (4)             ; 0 (0)        ; 0                 ; 0          ; 0    ; 0            ; |EX9_top|bin2bcd_16:comb_9|add3_ge5:A11 ; add3_ge5         ; work         ;
;       |add3_ge5:A12|         ; 4 (4)             ; 0 (0)        ; 0                 ; 0          ; 0    ; 0            ; |EX9_top|bin2bcd_16:comb_9|add3_ge5:A12 ; add3_ge5         ; work         ;
;       |add3_ge5:A13|         ; 4 (4)             ; 0 (0)        ; 0                 ; 0          ; 0    ; 0            ; |EX9_top|bin2bcd_16:comb_9|add3_ge5:A13 ; add3_ge5         ; work         ;
;       |add3_ge5:A14|         ; 4 (4)             ; 0 (0)        ; 0                 ; 0          ; 0    ; 0            ; |EX9_top|bin2bcd_16:comb_9|add3_ge5:A14 ; add3_ge5         ; work         ;
;       |add3_ge5:A15|         ; 4 (4)             ; 0 (0)        ; 0                 ; 0          ; 0    ; 0            ; |EX9_top|bin2bcd_16:comb_9|add3_ge5:A15 ; add3_ge5         ; work         ;
;       |add3_ge5:A16|         ; 4 (4)             ; 0 (0)        ; 0                 ; 0          ; 0    ; 0            ; |EX9_top|bin2bcd_16:comb_9|add3_ge5:A16 ; add3_ge5         ; work         ;
;       |add3_ge5:A17|         ; 4 (4)             ; 0 (0)        ; 0                 ; 0          ; 0    ; 0            ; |EX9_top|bin2bcd_16:comb_9|add3_ge5:A17 ; add3_ge5         ; work         ;
;       |add3_ge5:A18|         ; 1 (1)             ; 0 (0)        ; 0                 ; 0          ; 0    ; 0            ; |EX9_top|bin2bcd_16:comb_9|add3_ge5:A18 ; add3_ge5         ; work         ;
;       |add3_ge5:A19|         ; 3 (3)             ; 0 (0)        ; 0                 ; 0          ; 0    ; 0            ; |EX9_top|bin2bcd_16:comb_9|add3_ge5:A19 ; add3_ge5         ; work         ;
;       |add3_ge5:A1|          ; 4 (4)             ; 0 (0)        ; 0                 ; 0          ; 0    ; 0            ; |EX9_top|bin2bcd_16:comb_9|add3_ge5:A1  ; add3_ge5         ; work         ;
;       |add3_ge5:A20|         ; 4 (4)             ; 0 (0)        ; 0                 ; 0          ; 0    ; 0            ; |EX9_top|bin2bcd_16:comb_9|add3_ge5:A20 ; add3_ge5         ; work         ;
;       |add3_ge5:A21|         ; 4 (4)             ; 0 (0)        ; 0                 ; 0          ; 0    ; 0            ; |EX9_top|bin2bcd_16:comb_9|add3_ge5:A21 ; add3_ge5         ; work         ;
;       |add3_ge5:A22|         ; 4 (4)             ; 0 (0)        ; 0                 ; 0          ; 0    ; 0            ; |EX9_top|bin2bcd_16:comb_9|add3_ge5:A22 ; add3_ge5         ; work         ;
;       |add3_ge5:A23|         ; 4 (4)             ; 0 (0)        ; 0                 ; 0          ; 0    ; 0            ; |EX9_top|bin2bcd_16:comb_9|add3_ge5:A23 ; add3_ge5         ; work         ;
;       |add3_ge5:A24|         ; 4 (4)             ; 0 (0)        ; 0                 ; 0          ; 0    ; 0            ; |EX9_top|bin2bcd_16:comb_9|add3_ge5:A24 ; add3_ge5         ; work         ;
;       |add3_ge5:A25|         ; 4 (4)             ; 0 (0)        ; 0                 ; 0          ; 0    ; 0            ; |EX9_top|bin2bcd_16:comb_9|add3_ge5:A25 ; add3_ge5         ; work         ;
;       |add3_ge5:A26|         ; 4 (4)             ; 0 (0)        ; 0                 ; 0          ; 0    ; 0            ; |EX9_top|bin2bcd_16:comb_9|add3_ge5:A26 ; add3_ge5         ; work         ;
;       |add3_ge5:A27|         ; 4 (4)             ; 0 (0)        ; 0                 ; 0          ; 0    ; 0            ; |EX9_top|bin2bcd_16:comb_9|add3_ge5:A27 ; add3_ge5         ; work         ;
;       |add3_ge5:A28|         ; 4 (4)             ; 0 (0)        ; 0                 ; 0          ; 0    ; 0            ; |EX9_top|bin2bcd_16:comb_9|add3_ge5:A28 ; add3_ge5         ; work         ;
;       |add3_ge5:A29|         ; 4 (4)             ; 0 (0)        ; 0                 ; 0          ; 0    ; 0            ; |EX9_top|bin2bcd_16:comb_9|add3_ge5:A29 ; add3_ge5         ; work         ;
;       |add3_ge5:A2|          ; 4 (4)             ; 0 (0)        ; 0                 ; 0          ; 0    ; 0            ; |EX9_top|bin2bcd_16:comb_9|add3_ge5:A2  ; add3_ge5         ; work         ;
;       |add3_ge5:A3|          ; 1 (1)             ; 0 (0)        ; 0                 ; 0          ; 0    ; 0            ; |EX9_top|bin2bcd_16:comb_9|add3_ge5:A3  ; add3_ge5         ; work         ;
;       |add3_ge5:A4|          ; 4 (4)             ; 0 (0)        ; 0                 ; 0          ; 0    ; 0            ; |EX9_top|bin2bcd_16:comb_9|add3_ge5:A4  ; add3_ge5         ; work         ;
;       |add3_ge5:A5|          ; 4 (4)             ; 0 (0)        ; 0                 ; 0          ; 0    ; 0            ; |EX9_top|bin2bcd_16:comb_9|add3_ge5:A5  ; add3_ge5         ; work         ;
;       |add3_ge5:A6|          ; 4 (4)             ; 0 (0)        ; 0                 ; 0          ; 0    ; 0            ; |EX9_top|bin2bcd_16:comb_9|add3_ge5:A6  ; add3_ge5         ; work         ;
;       |add3_ge5:A7|          ; 4 (4)             ; 0 (0)        ; 0                 ; 0          ; 0    ; 0            ; |EX9_top|bin2bcd_16:comb_9|add3_ge5:A7  ; add3_ge5         ; work         ;
;       |add3_ge5:A8|          ; 4 (4)             ; 0 (0)        ; 0                 ; 0          ; 0    ; 0            ; |EX9_top|bin2bcd_16:comb_9|add3_ge5:A8  ; add3_ge5         ; work         ;
;       |add3_ge5:A9|          ; 1 (1)             ; 0 (0)        ; 0                 ; 0          ; 0    ; 0            ; |EX9_top|bin2bcd_16:comb_9|add3_ge5:A9  ; add3_ge5         ; work         ;
;    |divider_2500:comb_4|     ; 20 (20)           ; 17 (17)      ; 0                 ; 0          ; 0    ; 0            ; |EX9_top|divider_2500:comb_4            ; divider_2500     ; work         ;
;    |divider_50000:comb_3|    ; 20 (20)           ; 17 (17)      ; 0                 ; 0          ; 0    ; 0            ; |EX9_top|divider_50000:comb_3           ; divider_50000    ; work         ;
;    |hex_to_7seg:comb_10|     ; 7 (7)             ; 0 (0)        ; 0                 ; 0          ; 0    ; 0            ; |EX9_top|hex_to_7seg:comb_10            ; hex_to_7seg      ; work         ;
;    |hex_to_7seg:comb_11|     ; 7 (7)             ; 0 (0)        ; 0                 ; 0          ; 0    ; 0            ; |EX9_top|hex_to_7seg:comb_11            ; hex_to_7seg      ; work         ;
;    |hex_to_7seg:comb_12|     ; 7 (7)             ; 0 (0)        ; 0                 ; 0          ; 0    ; 0            ; |EX9_top|hex_to_7seg:comb_12            ; hex_to_7seg      ; work         ;
;    |hex_to_7seg:comb_13|     ; 7 (7)             ; 0 (0)        ; 0                 ; 0          ; 0    ; 0            ; |EX9_top|hex_to_7seg:comb_13            ; hex_to_7seg      ; work         ;
;    |hex_to_7seg:comb_14|     ; 7 (7)             ; 0 (0)        ; 0                 ; 0          ; 0    ; 0            ; |EX9_top|hex_to_7seg:comb_14            ; hex_to_7seg      ; work         ;
;    |reaction_counter:comb_7| ; 33 (33)           ; 16 (16)      ; 0                 ; 0          ; 0    ; 0            ; |EX9_top|reaction_counter:comb_7        ; reaction_counter ; work         ;
+------------------------------+-------------------+--------------+-------------------+------------+------+--------------+-----------------------------------------+------------------+--------------+
Note: For table entries with two numbers listed, the numbers in parentheses indicate the number of resources of the given type used by the specific entity alone. The numbers listed outside of parentheses indicate the total resources of the given type used by the specific entity and all of its sub-entities in the hierarchy.


Encoding Type:  One-Hot
+-------------------------------------------------------------------------------------------------------------------------------------------------------------------------------------------------------------------------------------------------------+
; State Machine - |EX9_top|FSM:comb_5|state                                                                                                                                                                                                             ;
+-------------------+-----------------+-------------+-----------------+------------------+---------------+-----------------+------------------+-----------------+-------------------+------------------+-----------------+-----------------+------------+
; Name              ; state.TENTH_LED ; state.DELAY ; state.NINTH_LED ; state.EIGHTH_LED ; state.TURNOFF ; state.FIFTH_LED ; state.FOURTH_LED ; state.SIXTH_LED ; state.SEVENTH_LED ; state.SECOND_LED ; state.THIRD_LED ; state.FIRST_LED ; state.IDLE ;
+-------------------+-----------------+-------------+-----------------+------------------+---------------+-----------------+------------------+-----------------+-------------------+------------------+-----------------+-----------------+------------+
; state.IDLE        ; 0               ; 0           ; 0               ; 0                ; 0             ; 0               ; 0                ; 0               ; 0                 ; 0                ; 0               ; 0               ; 0          ;
; state.FIRST_LED   ; 0               ; 0           ; 0               ; 0                ; 0             ; 0               ; 0                ; 0               ; 0                 ; 0                ; 0               ; 1               ; 1          ;
; state.THIRD_LED   ; 0               ; 0           ; 0               ; 0                ; 0             ; 0               ; 0                ; 0               ; 0                 ; 0                ; 1               ; 0               ; 1          ;
; state.SECOND_LED  ; 0               ; 0           ; 0               ; 0                ; 0             ; 0               ; 0                ; 0               ; 0                 ; 1                ; 0               ; 0               ; 1          ;
; state.SEVENTH_LED ; 0               ; 0           ; 0               ; 0                ; 0             ; 0               ; 0                ; 0               ; 1                 ; 0                ; 0               ; 0               ; 1          ;
; state.SIXTH_LED   ; 0               ; 0           ; 0               ; 0                ; 0             ; 0               ; 0                ; 1               ; 0                 ; 0                ; 0               ; 0               ; 1          ;
; state.FOURTH_LED  ; 0               ; 0           ; 0               ; 0                ; 0             ; 0               ; 1                ; 0               ; 0                 ; 0                ; 0               ; 0               ; 1          ;
; state.FIFTH_LED   ; 0               ; 0           ; 0               ; 0                ; 0             ; 1               ; 0                ; 0               ; 0                 ; 0                ; 0               ; 0               ; 1          ;
; state.TURNOFF     ; 0               ; 0           ; 0               ; 0                ; 1             ; 0               ; 0                ; 0               ; 0                 ; 0                ; 0               ; 0               ; 1          ;
; state.EIGHTH_LED  ; 0               ; 0           ; 0               ; 1                ; 0             ; 0               ; 0                ; 0               ; 0                 ; 0                ; 0               ; 0               ; 1          ;
; state.NINTH_LED   ; 0               ; 0           ; 1               ; 0                ; 0             ; 0               ; 0                ; 0               ; 0                 ; 0                ; 0               ; 0               ; 1          ;
; state.DELAY       ; 0               ; 1           ; 0               ; 0                ; 0             ; 0               ; 0                ; 0               ; 0                 ; 0                ; 0               ; 0               ; 1          ;
; state.TENTH_LED   ; 1               ; 0           ; 0               ; 0                ; 0             ; 0               ; 0                ; 0               ; 0                 ; 0                ; 0               ; 0               ; 1          ;
+-------------------+-----------------+-------------+-----------------+------------------+---------------+-----------------+------------------+-----------------+-------------------+------------------+-----------------+-----------------+------------+


+----------------------------------------------------------------------------------------------------+
; User-Specified and Inferred Latches                                                                ;
+-----------------------------------------------------+---------------------+------------------------+
; Latch Name                                          ; Latch Enable Signal ; Free of Timing Hazards ;
+-----------------------------------------------------+---------------------+------------------------+
; reaction_counter:comb_7|reaction_time[0]            ; KEY[0]              ; yes                    ;
; reaction_counter:comb_7|reaction_time[1]            ; KEY[0]              ; yes                    ;
; reaction_counter:comb_7|reaction_time[2]            ; KEY[0]              ; yes                    ;
; reaction_counter:comb_7|reaction_time[3]            ; KEY[0]              ; yes                    ;
; reaction_counter:comb_7|reaction_time[4]            ; KEY[0]              ; yes                    ;
; reaction_counter:comb_7|reaction_time[5]            ; KEY[0]              ; yes                    ;
; reaction_counter:comb_7|reaction_time[6]            ; KEY[0]              ; yes                    ;
; reaction_counter:comb_7|reaction_time[7]            ; KEY[0]              ; yes                    ;
; reaction_counter:comb_7|reaction_time[8]            ; KEY[0]              ; yes                    ;
; reaction_counter:comb_7|reaction_time[9]            ; KEY[0]              ; yes                    ;
; reaction_counter:comb_7|reaction_time[10]           ; KEY[0]              ; yes                    ;
; reaction_counter:comb_7|reaction_time[11]           ; KEY[0]              ; yes                    ;
; reaction_counter:comb_7|reaction_time[12]           ; KEY[0]              ; yes                    ;
; reaction_counter:comb_7|reaction_time[13]           ; KEY[0]              ; yes                    ;
; reaction_counter:comb_7|reaction_time[14]           ; KEY[0]              ; yes                    ;
; reaction_counter:comb_7|reaction_time[15]           ; KEY[0]              ; yes                    ;
; FSM:comb_5|en_reaction_counter                      ; FSM:comb_5|WideOr8  ; yes                    ;
; Number of user-specified and inferred latches = 17  ;                     ;                        ;
+-----------------------------------------------------+---------------------+------------------------+
Note: All latches listed above may not be present at the end of synthesis due to various synthesis optimizations.


+--------------------------------------------------------------------------------+
; Registers Removed During Synthesis                                             ;
+---------------------------------------+----------------------------------------+
; Register name                         ; Reason for Removal                     ;
+---------------------------------------+----------------------------------------+
; FSM:comb_5|state~15                   ; Lost fanout                            ;
; FSM:comb_5|state~16                   ; Lost fanout                            ;
; FSM:comb_5|state~17                   ; Lost fanout                            ;
; FSM:comb_5|state~18                   ; Lost fanout                            ;
; FSM:comb_5|state.TURNOFF              ; Stuck at GND due to stuck port data_in ;
; Total Number of Removed Registers = 5 ;                                        ;
+---------------------------------------+----------------------------------------+


+------------------------------------------------------+
; General Register Statistics                          ;
+----------------------------------------------+-------+
; Statistic                                    ; Value ;
+----------------------------------------------+-------+
; Total registers                              ; 62    ;
; Number of registers using Synchronous Clear  ; 36    ;
; Number of registers using Synchronous Load   ; 0     ;
; Number of registers using Asynchronous Clear ; 0     ;
; Number of registers using Asynchronous Load  ; 0     ;
; Number of registers using Clock Enable       ; 42    ;
; Number of registers using Preset             ; 0     ;
+----------------------------------------------+-------+


+----------------------------------------------------------------------------------------------------------------------------------------------------------+
; Multiplexer Restructuring Statistics (Restructuring Performed)                                                                                           ;
+--------------------+-----------+---------------+----------------------+------------------------+------------+--------------------------------------------+
; Multiplexer Inputs ; Bus Width ; Baseline Area ; Area if Restructured ; Saving if Restructured ; Registered ; Example Multiplexer Output                 ;
+--------------------+-----------+---------------+----------------------+------------------------+------------+--------------------------------------------+
; 3:1                ; 16 bits   ; 32 LEs        ; 0 LEs                ; 32 LEs                 ; Yes        ; |EX9_top|reaction_counter:comb_7|count[15] ;
; 6:1                ; 3 bits    ; 12 LEs        ; 6 LEs                ; 6 LEs                  ; No         ; |EX9_top|FSM:comb_5|Selector1              ;
+--------------------+-----------+---------------+----------------------+------------------------+------------+--------------------------------------------+


+-------------------------------------------------------------------+
; Parameter Settings for User Entity Instance: divider_50000:comb_3 ;
+----------------+-------+------------------------------------------+
; Parameter Name ; Value ; Type                                     ;
+----------------+-------+------------------------------------------+
; max_value      ; 50000 ; Signed Integer                           ;
+----------------+-------+------------------------------------------+
Note: In order to hide this table in the UI and the text report file, please set the "Show Parameter Settings in Synthesis Report" option in "Analysis and Synthesis Settings -> More Settings" to "Off".


+------------------------------------------------------------------+
; Parameter Settings for User Entity Instance: divider_2500:comb_4 ;
+----------------+-------+-----------------------------------------+
; Parameter Name ; Value ; Type                                    ;
+----------------+-------+-----------------------------------------+
; max_value      ; 1000  ; Signed Integer                          ;
+----------------+-------+-----------------------------------------+
Note: In order to hide this table in the UI and the text report file, please set the "Show Parameter Settings in Synthesis Report" option in "Analysis and Synthesis Settings -> More Settings" to "Off".


+---------------------------------------------------------+
; Parameter Settings for User Entity Instance: FSM:comb_5 ;
+----------------+-------+--------------------------------+
; Parameter Name ; Value ; Type                           ;
+----------------+-------+--------------------------------+
; BIT_SZ         ; 13    ; Signed Integer                 ;
; IDLE           ; 0000  ; Unsigned Binary                ;
; FIRST_LED      ; 0001  ; Unsigned Binary                ;
; SECOND_LED     ; 0011  ; Unsigned Binary                ;
; THIRD_LED      ; 0010  ; Unsigned Binary                ;
; FOURTH_LED     ; 0110  ; Unsigned Binary                ;
; FIFTH_LED      ; 0111  ; Unsigned Binary                ;
; SIXTH_LED      ; 0101  ; Unsigned Binary                ;
; SEVENTH_LED    ; 0100  ; Unsigned Binary                ;
; EIGHTH_LED     ; 1100  ; Unsigned Binary                ;
; NINTH_LED      ; 1101  ; Unsigned Binary                ;
; TENTH_LED      ; 1111  ; Unsigned Binary                ;
; DELAY          ; 1110  ; Unsigned Binary                ;
; TURNOFF        ; 1010  ; Unsigned Binary                ;
+----------------+-------+--------------------------------+
Note: In order to hide this table in the UI and the text report file, please set the "Show Parameter Settings in Synthesis Report" option in "Analysis and Synthesis Settings -> More Settings" to "Off".


+------------------------------------------------------------+
; Port Connectivity Checks: "bin2bcd_16:comb_9|add3_ge5:A18" ;
+-------+-------+----------+---------------------------------+
; Port  ; Type  ; Severity ; Details                         ;
+-------+-------+----------+---------------------------------+
; in[3] ; Input ; Info     ; Stuck at GND                    ;
+-------+-------+----------+---------------------------------+


+-----------------------------------------------------------+
; Port Connectivity Checks: "bin2bcd_16:comb_9|add3_ge5:A9" ;
+-------+-------+----------+--------------------------------+
; Port  ; Type  ; Severity ; Details                        ;
+-------+-------+----------+--------------------------------+
; in[3] ; Input ; Info     ; Stuck at GND                   ;
+-------+-------+----------+--------------------------------+


+-----------------------------------------------------------+
; Port Connectivity Checks: "bin2bcd_16:comb_9|add3_ge5:A3" ;
+-------+-------+----------+--------------------------------+
; Port  ; Type  ; Severity ; Details                        ;
+-------+-------+----------+--------------------------------+
; in[3] ; Input ; Info     ; Stuck at GND                   ;
+-------+-------+----------+--------------------------------+


+-----------------------------------------------------+
; Post-Synthesis Netlist Statistics for Top Partition ;
+-----------------------+-----------------------------+
; Type                  ; Count                       ;
+-----------------------+-----------------------------+
; arriav_ff             ; 62                          ;
;     ENA               ; 16                          ;
;     ENA SCLR          ; 26                          ;
;     SCLR              ; 10                          ;
;     plain             ; 10                          ;
; arriav_lcell_comb     ; 250                         ;
;     arith             ; 48                          ;
;         1 data inputs ; 48                          ;
;     normal            ; 202                         ;
;         1 data inputs ; 22                          ;
;         2 data inputs ; 5                           ;
;         3 data inputs ; 30                          ;
;         4 data inputs ; 128                         ;
;         5 data inputs ; 8                           ;
;         6 data inputs ; 9                           ;
; boundary_port         ; 50                          ;
;                       ;                             ;
; Max LUT depth         ; 13.00                       ;
; Average LUT depth     ; 6.67                        ;
+-----------------------+-----------------------------+


+-------------------------------+
; Elapsed Time Per Partition    ;
+----------------+--------------+
; Partition Name ; Elapsed Time ;
+----------------+--------------+
; Top            ; 00:00:01     ;
+----------------+--------------+


+-------------------------------+
; Analysis & Synthesis Messages ;
+-------------------------------+
Info: *******************************************************************
Info: Running Quartus Prime Analysis & Synthesis
    Info: Version 16.0.0 Build 211 04/27/2016 SJ Standard Edition
    Info: Processing started: Fri Dec 09 12:39:34 2016
Info: Command: quartus_map --read_settings_files=on --write_settings_files=off EX9_top -c EX9_top
Warning (18236): Number of processors has not been specified which may cause overloading on shared machines.  Set the global assignment NUM_PARALLEL_PROCESSORS in your QSF to an appropriate value for best performance.
Info (20030): Parallel compilation is enabled and will use 4 of the 4 processors detected
Info (12021): Found 1 design units, including 1 entities, in source file reaction_counter.v
    Info (12023): Found entity 1: reaction_counter File: H:/ex9/reaction_counter.v Line: 1
Info (12021): Found 1 design units, including 1 entities, in source file lfsr.v
    Info (12023): Found entity 1: lfsr6 File: H:/ex9/LFSR.v Line: 2
Info (12021): Found 1 design units, including 1 entities, in source file hex_to_7seg.v
    Info (12023): Found entity 1: hex_to_7seg File: H:/ex9/hex_to_7seg.v Line: 1
Info (12021): Found 1 design units, including 1 entities, in source file fsm.v
    Info (12023): Found entity 1: FSM File: H:/ex9/FSM.v Line: 1
Info (12021): Found 1 design units, including 1 entities, in source file ex9_top.v
    Info (12023): Found entity 1: EX9_top File: H:/ex9/EX9_top.v Line: 2
Info (12021): Found 1 design units, including 1 entities, in source file divider_50000.v
    Info (12023): Found entity 1: divider_50000 File: H:/ex9/divider_50000.v Line: 2
Info (12021): Found 1 design units, including 1 entities, in source file divider_2500.v
    Info (12023): Found entity 1: divider_2500 File: H:/ex9/divider_2500.v Line: 2
Info (12021): Found 1 design units, including 1 entities, in source file delay.v
    Info (12023): Found entity 1: EX8_delay File: H:/ex9/delay.v Line: 1
Info (12021): Found 1 design units, including 1 entities, in source file b_to_bcd.v
    Info (12023): Found entity 1: bin2bcd_16 File: H:/ex9/b_to_bcd.v Line: 12
Info (12021): Found 1 design units, including 1 entities, in source file add3_ge5.v
    Info (12023): Found entity 1: add3_ge5 File: H:/ex9/add3_ge5.v Line: 1
Critical Warning (10846): Verilog HDL Instantiation warning at EX9_top.v(14): instance has no name File: H:/ex9/EX9_top.v Line: 14
Critical Warning (10846): Verilog HDL Instantiation warning at EX9_top.v(15): instance has no name File: H:/ex9/EX9_top.v Line: 15
Critical Warning (10846): Verilog HDL Instantiation warning at EX9_top.v(17): instance has no name File: H:/ex9/EX9_top.v Line: 17
Critical Warning (10846): Verilog HDL Instantiation warning at EX9_top.v(19): instance has no name File: H:/ex9/EX9_top.v Line: 19
Critical Warning (10846): Verilog HDL Instantiation warning at EX9_top.v(21): instance has no name File: H:/ex9/EX9_top.v Line: 21
Critical Warning (10846): Verilog HDL Instantiation warning at EX9_top.v(23): instance has no name File: H:/ex9/EX9_top.v Line: 23
Critical Warning (10846): Verilog HDL Instantiation warning at EX9_top.v(24): instance has no name File: H:/ex9/EX9_top.v Line: 24
Critical Warning (10846): Verilog HDL Instantiation warning at EX9_top.v(25): instance has no name File: H:/ex9/EX9_top.v Line: 25
Critical Warning (10846): Verilog HDL Instantiation warning at EX9_top.v(26): instance has no name File: H:/ex9/EX9_top.v Line: 26
Critical Warning (10846): Verilog HDL Instantiation warning at EX9_top.v(27): instance has no name File: H:/ex9/EX9_top.v Line: 27
Info (12127): Elaborating entity "EX9_top" for the top level hierarchy
Info (12128): Elaborating entity "divider_50000" for hierarchy "divider_50000:comb_3" File: H:/ex9/EX9_top.v Line: 14
Warning (10230): Verilog HDL assignment warning at divider_50000.v(14): truncated value with size 32 to match size of target (16) File: H:/ex9/divider_50000.v Line: 14
Info (12128): Elaborating entity "divider_2500" for hierarchy "divider_2500:comb_4" File: H:/ex9/EX9_top.v Line: 15
Warning (10230): Verilog HDL assignment warning at divider_2500.v(16): truncated value with size 32 to match size of target (16) File: H:/ex9/divider_2500.v Line: 16
Info (12128): Elaborating entity "FSM" for hierarchy "FSM:comb_5" File: H:/ex9/EX9_top.v Line: 17
Warning (10240): Verilog HDL Always Construct warning at FSM.v(52): inferring latch(es) for variable "en_reaction_counter", which holds its previous value in one or more paths through the always construct File: H:/ex9/FSM.v Line: 52
Info (10041): Inferred latch for "en_reaction_counter" at FSM.v(52) File: H:/ex9/FSM.v Line: 52
Info (12128): Elaborating entity "reaction_counter" for hierarchy "reaction_counter:comb_7" File: H:/ex9/EX9_top.v Line: 19
Warning (10230): Verilog HDL assignment warning at reaction_counter.v(14): truncated value with size 32 to match size of target (16) File: H:/ex9/reaction_counter.v Line: 14
Warning (10240): Verilog HDL Always Construct warning at reaction_counter.v(19): inferring latch(es) for variable "reaction_time", which holds its previous value in one or more paths through the always construct File: H:/ex9/reaction_counter.v Line: 19
Info (10041): Inferred latch for "reaction_time[0]" at reaction_counter.v(19) File: H:/ex9/reaction_counter.v Line: 19
Info (10041): Inferred latch for "reaction_time[1]" at reaction_counter.v(19) File: H:/ex9/reaction_counter.v Line: 19
Info (10041): Inferred latch for "reaction_time[2]" at reaction_counter.v(19) File: H:/ex9/reaction_counter.v Line: 19
Info (10041): Inferred latch for "reaction_time[3]" at reaction_counter.v(19) File: H:/ex9/reaction_counter.v Line: 19
Info (10041): Inferred latch for "reaction_time[4]" at reaction_counter.v(19) File: H:/ex9/reaction_counter.v Line: 19
Info (10041): Inferred latch for "reaction_time[5]" at reaction_counter.v(19) File: H:/ex9/reaction_counter.v Line: 19
Info (10041): Inferred latch for "reaction_time[6]" at reaction_counter.v(19) File: H:/ex9/reaction_counter.v Line: 19
Info (10041): Inferred latch for "reaction_time[7]" at reaction_counter.v(19) File: H:/ex9/reaction_counter.v Line: 19
Info (10041): Inferred latch for "reaction_time[8]" at reaction_counter.v(19) File: H:/ex9/reaction_counter.v Line: 19
Info (10041): Inferred latch for "reaction_time[9]" at reaction_counter.v(19) File: H:/ex9/reaction_counter.v Line: 19
Info (10041): Inferred latch for "reaction_time[10]" at reaction_counter.v(19) File: H:/ex9/reaction_counter.v Line: 19
Info (10041): Inferred latch for "reaction_time[11]" at reaction_counter.v(19) File: H:/ex9/reaction_counter.v Line: 19
Info (10041): Inferred latch for "reaction_time[12]" at reaction_counter.v(19) File: H:/ex9/reaction_counter.v Line: 19
Info (10041): Inferred latch for "reaction_time[13]" at reaction_counter.v(19) File: H:/ex9/reaction_counter.v Line: 19
Info (10041): Inferred latch for "reaction_time[14]" at reaction_counter.v(19) File: H:/ex9/reaction_counter.v Line: 19
Info (10041): Inferred latch for "reaction_time[15]" at reaction_counter.v(19) File: H:/ex9/reaction_counter.v Line: 19
Info (12128): Elaborating entity "bin2bcd_16" for hierarchy "bin2bcd_16:comb_9" File: H:/ex9/EX9_top.v Line: 21
Info (12128): Elaborating entity "add3_ge5" for hierarchy "bin2bcd_16:comb_9|add3_ge5:A1" File: H:/ex9/b_to_bcd.v Line: 26
Info (12128): Elaborating entity "hex_to_7seg" for hierarchy "hex_to_7seg:comb_10" File: H:/ex9/EX9_top.v Line: 23
Warning (13012): Latch FSM:comb_5|en_reaction_counter has unsafe behavior File: H:/ex9/FSM.v Line: 5
    Warning (13013): Ports D and ENA on the latch are fed by the same signal FSM:comb_5|state.DELAY File: H:/ex9/FSM.v Line: 10
Info (286030): Timing-Driven Synthesis is running
Info (17049): 4 registers lost all their fanouts during netlist optimizations.
Info (144001): Generated suppressed messages file H:/ex9/EX9_top.map.smsg
Info (16010): Generating hard_block partition "hard_block:auto_generated_inst"
    Info (16011): Adding 0 node(s), including 0 DDIO, 0 PLL, 0 transceiver and 0 LCELL
Warning (21074): Design contains 2 input pin(s) that do not drive logic
    Warning (15610): No output dependent on input pin "KEY[1]" File: H:/ex9/EX9_top.v Line: 4
    Warning (15610): No output dependent on input pin "KEY[2]" File: H:/ex9/EX9_top.v Line: 4
Info (21057): Implemented 289 device resources after synthesis - the final resource count might be different
    Info (21058): Implemented 5 input pins
    Info (21059): Implemented 45 output pins
    Info (21061): Implemented 239 logic cells
Info: Quartus Prime Analysis & Synthesis was successful. 0 errors, 21 warnings
    Info: Peak virtual memory: 894 megabytes
    Info: Processing ended: Fri Dec 09 12:39:48 2016
    Info: Elapsed time: 00:00:14
    Info: Total CPU time (on all processors): 00:00:22


+------------------------------------------+
; Analysis & Synthesis Suppressed Messages ;
+------------------------------------------+
The suppressed messages can be found in H:/ex9/EX9_top.map.smsg.


